oy13:lastUpdatedAtd1598501051.58009y21:passiveSkillTreeStateoy22:nodeSelectionStateByIdby15:SKILL_TREE_ROOTthgy16:experienceGainedi763y14:inventoryStatey23:UNKNOWN_INVENTORY_STATEy9:sessionIdy18:session_1598501050y10:questStateby14:aggressiveBatsoy9:completedty9:numKilledi247y11:descriptionR11gy11:destroyBossoR11tR13R11ghy6:gameIdy15:game_1598487090y6:slotIdzg
oy4:datany4:timed1598501051.58009y4:typey11:GAME_LOADEDg
oy4:dataoy9:enemyTypey3:batgy4:timed1598501059.38755y4:typey12:ENEMY_KILLEDg
oy4:dataoy9:enemyTypey3:batgy4:timed1598501059.43696y4:typey12:ENEMY_KILLEDg
oy4:dataoy9:enemyTypey3:batgy4:timed1598501059.5836y4:typey12:ENEMY_KILLEDg
oy4:dataoy9:enemyTypey3:batgy4:timed1598501060.89808y4:typey12:ENEMY_KILLEDg
oy4:dataoy9:enemyTypey7:botMagegy4:timed1598501061.94934y4:typey12:ENEMY_KILLEDg
oy4:dataoy9:enemyTypey3:batgy4:timed1598501070.25013y4:typey12:ENEMY_KILLEDg
oy4:dataoy9:enemyTypey7:botMagegy4:timed1598501071.66555y4:typey12:ENEMY_KILLEDg
oy4:dataoy9:enemyTypey7:botMagegy4:timed1598501072.527y4:typey12:ENEMY_KILLEDg
oy4:dataoy9:enemyTypey7:botMagegy4:timed1598501073.76275y4:typey12:ENEMY_KILLEDg
oy4:dataoy9:enemyTypey7:botMagegy4:timed1598501074.93791y4:typey12:ENEMY_KILLEDg
oy4:dataoy9:enemyTypey7:botMagegy4:timed1598501075.26035y4:typey12:ENEMY_KILLEDg
oy4:dataoy9:enemyTypey7:botMagegy4:timed1598501075.98344y4:typey12:ENEMY_KILLEDg
oy4:dataoy9:enemyTypey7:botMagegy4:timed1598501076.2153y4:typey12:ENEMY_KILLEDg
oy4:dataoy9:enemyTypey7:botMagegy4:timed1598501076.88369y4:typey12:ENEMY_KILLEDg
oy4:dataoy9:enemyTypey7:botMagegy4:timed1598501077.3024y4:typey12:ENEMY_KILLEDg
oy4:dataoy9:enemyTypey7:botMagegy4:timed1598501080.48802y4:typey12:ENEMY_KILLEDg
oy4:dataoy9:enemyTypey7:botMagegy4:timed1598501080.80089y4:typey12:ENEMY_KILLEDg
oy4:dataoy9:enemyTypey7:botMagegy4:timed1598501080.95094y4:typey12:ENEMY_KILLEDg
oy4:dataoy9:enemyTypey3:batgy4:timed1598501081.2051y4:typey12:ENEMY_KILLEDg
oy4:dataoy9:enemyTypey3:batgy4:timed1598501082.03361y4:typey12:ENEMY_KILLEDg
oy4:dataoy9:enemyTypey3:batgy4:timed1598501084.42745y4:typey12:ENEMY_KILLEDg
oy4:dataoy9:enemyTypey7:botMagegy4:timed1598501084.61403y4:typey12:ENEMY_KILLEDg
oy4:dataoy9:enemyTypey3:batgy4:timed1598501084.70011y4:typey12:ENEMY_KILLEDg
oy4:dataoy9:enemyTypey3:batgy4:timed1598501084.70041y4:typey12:ENEMY_KILLEDg
oy4:dataoy9:enemyTypey7:botMagegy4:timed1598501085.23677y4:typey12:ENEMY_KILLEDg
oy4:dataoy9:enemyTypey3:batgy4:timed1598501087.69701y4:typey12:ENEMY_KILLEDg
oy4:dataoy9:enemyTypey3:batgy4:timed1598501087.78239y4:typey12:ENEMY_KILLEDg
oy4:dataoy9:enemyTypey3:batgy4:timed1598501087.96596y4:typey12:ENEMY_KILLEDg
oy4:dataoy9:enemyTypey3:batgy4:timed1598501088.20506y4:typey12:ENEMY_KILLEDg
oy4:dataoy9:enemyTypey3:batgy4:timed1598501088.81512y4:typey12:ENEMY_KILLEDg
oy4:dataoy9:enemyTypey3:batgy4:timed1598501092.04487y4:typey12:ENEMY_KILLEDg
oy4:dataoy9:enemyTypey7:botMagegy4:timed1598501092.19574y4:typey12:ENEMY_KILLEDg
oy4:dataoy9:enemyTypey3:batgy4:timed1598501092.36609y4:typey12:ENEMY_KILLEDg
oy4:dataoy9:enemyTypey3:batgy4:timed1598501092.58264y4:typey12:ENEMY_KILLEDg
oy4:dataoy9:enemyTypey7:botMagegy4:timed1598501094.56671y4:typey12:ENEMY_KILLEDg
oy4:dataoy9:enemyTypey14:introLevelBossgy4:timed1598501113.63096y4:typey12:ENEMY_KILLEDg
oy4:datany4:timed1598501159.1885y4:typey11:GAME_LOADEDg
oy4:dataoy9:enemyTypey3:batgy4:timed1598501163.11388y4:typey12:ENEMY_KILLEDg
oy4:dataoy9:enemyTypey3:batgy4:timed1598501163.43903y4:typey12:ENEMY_KILLEDg
oy4:dataoy9:enemyTypey3:batgy4:timed1598501163.55504y4:typey12:ENEMY_KILLEDg
oy4:dataoy9:enemyTypey3:batgy4:timed1598501165.23877y4:typey12:ENEMY_KILLEDg
oy4:dataoy9:enemyTypey3:batgy4:timed1598501165.34974y4:typey12:ENEMY_KILLEDg
oy4:dataoy9:enemyTypey7:botMagegy4:timed1598501167.58424y4:typey12:ENEMY_KILLEDg
oy4:dataoy9:enemyTypey7:botMagegy4:timed1598501168.82039y4:typey12:ENEMY_KILLEDg
oy4:dataoy9:enemyTypey3:batgy4:timed1598501169.51045y4:typey12:ENEMY_KILLEDg
oy4:dataoy9:enemyTypey3:batgy4:timed1598501169.92796y4:typey12:ENEMY_KILLEDg
oy4:dataoy9:enemyTypey3:batgy4:timed1598501172.03397y4:typey12:ENEMY_KILLEDg
oy4:dataoy9:enemyTypey3:batgy4:timed1598501172.29019y4:typey12:ENEMY_KILLEDg
oy4:dataoy9:enemyTypey7:botMagegy4:timed1598501182.8344y4:typey12:ENEMY_KILLEDg
oy4:dataoy9:enemyTypey3:batgy4:timed1598501182.84259y4:typey12:ENEMY_KILLEDg
oy4:dataoy9:enemyTypey7:botMagegy4:timed1598501184.50479y4:typey12:ENEMY_KILLEDg
oy4:dataoy9:enemyTypey3:batgy4:timed1598501186.28522y4:typey12:ENEMY_KILLEDg
oy4:dataoy9:enemyTypey3:batgy4:timed1598501189.32648y4:typey12:ENEMY_KILLEDg
oy4:dataoy9:enemyTypey3:batgy4:timed1598501189.54763y4:typey12:ENEMY_KILLEDg
oy4:dataoy9:enemyTypey3:batgy4:timed1598501189.83757y4:typey12:ENEMY_KILLEDg
oy4:dataoy9:enemyTypey3:batgy4:timed1598501190.69033y4:typey12:ENEMY_KILLEDg
oy4:dataoy9:enemyTypey7:botMagegy4:timed1598501192.60096y4:typey12:ENEMY_KILLEDg
oy4:dataoy9:enemyTypey3:batgy4:timed1598501195.38755y4:typey12:ENEMY_KILLEDg
oy4:dataoy9:enemyTypey3:batgy4:timed1598501195.63561y4:typey12:ENEMY_KILLEDg
oy4:dataoy9:enemyTypey3:batgy4:timed1598501195.75449y4:typey12:ENEMY_KILLEDg
oy4:dataoy9:enemyTypey7:botMagegy4:timed1598501197.24995y4:typey12:ENEMY_KILLEDg
oy4:dataoy9:enemyTypey3:batgy4:timed1598501197.7491y4:typey12:ENEMY_KILLEDg
oy4:dataoy9:enemyTypey3:batgy4:timed1598501200.22746y4:typey12:ENEMY_KILLEDg
oy4:dataoy9:enemyTypey7:botMagegy4:timed1598501203.21686y4:typey12:ENEMY_KILLEDg
oy4:dataoy9:enemyTypey7:botMagegy4:timed1598501203.36884y4:typey12:ENEMY_KILLEDg
oy4:dataoy9:enemyTypey3:batgy4:timed1598501204.71898y4:typey12:ENEMY_KILLEDg
oy4:dataoy9:enemyTypey7:botMagegy4:timed1598501206.42097y4:typey12:ENEMY_KILLEDg
oy4:dataoy9:enemyTypey7:botMagegy4:timed1598501227.60448y4:typey12:ENEMY_KILLEDg
oy4:dataoy9:enemyTypey7:botMagegy4:timed1598501228.92854y4:typey12:ENEMY_KILLEDg
oy4:dataoy9:enemyTypey7:botMagegy4:timed1598501228.93394y4:typey12:ENEMY_KILLEDg
oy4:dataoy9:enemyTypey7:botMagegy4:timed1598501230.01993y4:typey12:ENEMY_KILLEDg
oy4:dataoy9:enemyTypey7:botMagegy4:timed1598501230.89887y4:typey12:ENEMY_KILLEDg