oy13:lastUpdatedAtd1598487863.82614y21:passiveSkillTreeStateoy22:nodeSelectionStateByIdby15:SKILL_TREE_ROOTthgy16:experienceGainedi55y14:inventoryStatey23:UNKNOWN_INVENTORY_STATEy9:sessionIdy18:session_1598487862y10:questStateby14:aggressiveBatsoy9:completedty11:descriptionR11y9:numKilledi23gy11:destroyBossoR11fR12y30:find%20and%20kill%20the%20bossghy6:gameIdy15:game_1598487090y6:slotIdzg
oy4:datany4:timed1598487863.82614y4:typey11:GAME_LOADEDg
oy4:dataoy9:enemyTypey3:batgy4:timed1598487868.08856y4:typey12:ENEMY_KILLEDg
oy4:dataoy9:enemyTypey3:batgy4:timed1598487868.73671y4:typey12:ENEMY_KILLEDg
oy4:dataoy9:enemyTypey3:batgy4:timed1598487868.78851y4:typey12:ENEMY_KILLEDg
oy4:dataoy9:enemyTypey3:batgy4:timed1598487869.5174y4:typey12:ENEMY_KILLEDg
oy4:dataoy9:enemyTypey7:botMagegy4:timed1598487869.65463y4:typey12:ENEMY_KILLEDg
oy4:dataoy9:enemyTypey7:botMagegy4:timed1598487870.15772y4:typey12:ENEMY_KILLEDg
oy4:dataoy9:enemyTypey3:batgy4:timed1598487870.81687y4:typey12:ENEMY_KILLEDg
oy4:dataoy9:enemyTypey7:botMagegy4:timed1598487871.0279y4:typey12:ENEMY_KILLEDg
oy4:dataoy9:enemyTypey7:botMagegy4:timed1598487871.85454y4:typey12:ENEMY_KILLEDg
oy4:dataoy9:enemyTypey3:batgy4:timed1598487873.07623y4:typey12:ENEMY_KILLEDg
oy4:dataoy9:enemyTypey7:botMagegy4:timed1598487873.84837y4:typey12:ENEMY_KILLEDg
oy4:dataoy9:enemyTypey7:botMagegy4:timed1598487873.84908y4:typey12:ENEMY_KILLEDg
oy4:dataoy9:enemyTypey7:botMagegy4:timed1598487874.2561y4:typey12:ENEMY_KILLEDg
oy4:dataoy9:enemyTypey7:botMagegy4:timed1598487875.30687y4:typey12:ENEMY_KILLEDg
oy4:dataoy9:enemyTypey3:batgy4:timed1598487878.5961y4:typey12:ENEMY_KILLEDg
oy4:dataoy9:enemyTypey3:batgy4:timed1598487879.43229y4:typey12:ENEMY_KILLEDg
oy4:dataoy9:enemyTypey3:batgy4:timed1598487879.72858y4:typey12:ENEMY_KILLEDg
oy4:dataoy9:enemyTypey3:batgy4:timed1598487880.13146y4:typey12:ENEMY_KILLEDg
oy4:dataoy9:enemyTypey3:batgy4:timed1598487880.14585y4:typey12:ENEMY_KILLEDg
oy4:dataoy9:enemyTypey7:botMagegy4:timed1598487880.97062y4:typey12:ENEMY_KILLEDg
oy4:dataoy9:enemyTypey7:botMagegy4:timed1598487889.29821y4:typey12:ENEMY_KILLEDg
oy4:dataoy9:enemyTypey7:botMagegy4:timed1598487889.7025y4:typey12:ENEMY_KILLEDg
oy4:dataoy9:enemyTypey7:botMagegy4:timed1598487891.02031y4:typey12:ENEMY_KILLEDg
oy4:dataoy9:enemyTypey3:batgy4:timed1598487891.75566y4:typey12:ENEMY_KILLEDg
oy4:dataoy9:enemyTypey7:botMagegy4:timed1598487894.07573y4:typey12:ENEMY_KILLEDg
oy4:dataoy9:enemyTypey3:batgy4:timed1598487895.81741y4:typey12:ENEMY_KILLEDg
oy4:dataoy9:enemyTypey7:botMagegy4:timed1598487897.06803y4:typey12:ENEMY_KILLEDg
oy4:dataoy9:enemyTypey7:botMagegy4:timed1598487898.1035y4:typey12:ENEMY_KILLEDg
oy4:dataoy9:enemyTypey7:botMagegy4:timed1598487898.58133y4:typey12:ENEMY_KILLEDg
oy4:dataoy9:enemyTypey7:botMagegy4:timed1598487899.41508y4:typey12:ENEMY_KILLEDg
oy4:dataoy9:enemyTypey3:batgy4:timed1598487901.85721y4:typey12:ENEMY_KILLEDg
oy4:dataoy9:enemyTypey3:batgy4:timed1598487902.11489y4:typey12:ENEMY_KILLEDg
oy4:dataoy9:enemyTypey7:botMagegy4:timed1598487903.46055y4:typey12:ENEMY_KILLEDg
oy4:dataoy9:enemyTypey7:botMagegy4:timed1598487903.97263y4:typey12:ENEMY_KILLEDg
oy4:dataoy9:enemyTypey7:botMagegy4:timed1598487904.36816y4:typey12:ENEMY_KILLEDg
oy4:dataoy9:enemyTypey14:introLevelBossgy4:timed1598487944.12883y4:typey12:ENEMY_KILLEDg