oy13:lastUpdatedAtd1598654971.33692y21:passiveSkillTreeStateoy22:nodeSelectionStateByIdby9:017240-27fy9:735747-27ty9:017240-18ty9:017240-92fy9:017240-46fy15:SKILL_TREE_ROOTty9:735747-25ty9:735747-36ty9:765521-11fhgy16:experienceGainedi2467y14:inventoryStatey23:UNKNOWN_INVENTORY_STATEy9:sessionIdy18:session_1598654962y10:questStateby14:aggressiveBatsoy9:completedty9:numKilledi827y11:descriptionR19gy11:destroyBossoR19tR21R19ghy6:gameIdy15:game_1598487090y6:slotIdzg
oy4:datany4:timed1598654971.33692y4:typey11:GAME_LOADEDg
oy4:dataoy9:enemyTypey3:batgy4:timed1598654974.31621y4:typey12:ENEMY_KILLEDg
oy4:dataoy9:enemyTypey3:batgy4:timed1598654974.68986y4:typey12:ENEMY_KILLEDg
oy4:dataoy9:enemyTypey7:botMagegy4:timed1598654975.5989y4:typey12:ENEMY_KILLEDg
oy4:dataoy9:enemyTypey3:batgy4:timed1598654976.01135y4:typey12:ENEMY_KILLEDg
oy4:dataoy9:enemyTypey7:botMagegy4:timed1598654976.17254y4:typey12:ENEMY_KILLEDg
oy4:dataoy9:enemyTypey7:botMagegy4:timed1598654977.74292y4:typey12:ENEMY_KILLEDg
oy4:dataoy9:enemyTypey7:botMagegy4:timed1598654977.9883y4:typey12:ENEMY_KILLEDg
oy4:dataoy9:enemyTypey3:batgy4:timed1598654978.99927y4:typey12:ENEMY_KILLEDg
oy4:dataoy9:enemyTypey7:botMagegy4:timed1598654979.9138y4:typey12:ENEMY_KILLEDg
oy4:dataoy9:enemyTypey7:botMagegy4:timed1598654980.95722y4:typey12:ENEMY_KILLEDg
oy4:dataoy9:enemyTypey7:botMagegy4:timed1598654981.98852y4:typey12:ENEMY_KILLEDg
oy4:dataoy9:enemyTypey3:batgy4:timed1598654982.96811y4:typey12:ENEMY_KILLEDg
oy4:dataoy9:enemyTypey3:batgy4:timed1598654983.82156y4:typey12:ENEMY_KILLEDg
oy4:dataoy9:enemyTypey3:batgy4:timed1598654985.34437y4:typey12:ENEMY_KILLEDg
oy4:dataoy9:enemyTypey7:botMagegy4:timed1598654985.45249y4:typey12:ENEMY_KILLEDg
oy4:dataoy9:enemyTypey3:batgy4:timed1598654991.60078y4:typey12:ENEMY_KILLEDg
oy4:dataoy9:enemyTypey3:batgy4:timed1598654991.94754y4:typey12:ENEMY_KILLEDg
oy4:dataoy9:enemyTypey3:batgy4:timed1598654992.20549y4:typey12:ENEMY_KILLEDg
oy4:dataoy9:enemyTypey7:botMagegy4:timed1598654993.21072y4:typey12:ENEMY_KILLEDg
oy4:dataoy9:enemyTypey7:botMagegy4:timed1598654993.38872y4:typey12:ENEMY_KILLEDg
oy4:dataoy9:enemyTypey3:batgy4:timed1598655010.44339y4:typey12:ENEMY_KILLEDg
oy4:dataoy9:enemyTypey7:botMagegy4:timed1598655010.85087y4:typey12:ENEMY_KILLEDg
oy4:dataoy9:enemyTypey7:botMagegy4:timed1598655011.44642y4:typey12:ENEMY_KILLEDg
oy4:dataoy9:enemyTypey3:batgy4:timed1598655011.9547y4:typey12:ENEMY_KILLEDg
oy4:dataoy9:enemyTypey7:botMagegy4:timed1598655012.08387y4:typey12:ENEMY_KILLEDg
oy4:dataoy9:enemyTypey3:batgy4:timed1598655015.18843y4:typey12:ENEMY_KILLEDg
oy4:dataoy9:enemyTypey3:batgy4:timed1598655015.65102y4:typey12:ENEMY_KILLEDg
oy4:dataoy9:enemyTypey3:batgy4:timed1598655016.15581y4:typey12:ENEMY_KILLEDg
oy4:dataoy9:enemyTypey7:botMagegy4:timed1598655016.76578y4:typey12:ENEMY_KILLEDg
oy4:dataoy9:enemyTypey7:botMagegy4:timed1598655017.57162y4:typey12:ENEMY_KILLEDg
oy4:dataoy9:enemyTypey3:batgy4:timed1598655019.88427y4:typey12:ENEMY_KILLEDg
oy4:dataoy9:enemyTypey3:batgy4:timed1598655020.10705y4:typey12:ENEMY_KILLEDg
oy4:dataoy9:enemyTypey7:botMagegy4:timed1598655021.0473y4:typey12:ENEMY_KILLEDg
oy4:dataoy9:enemyTypey3:batgy4:timed1598655021.33533y4:typey12:ENEMY_KILLEDg
oy4:dataoy9:enemyTypey7:botMagegy4:timed1598655021.56294y4:typey12:ENEMY_KILLEDg
oy4:dataoy6:nodeIdy9:017240-27gy4:timed1598655054.16326y4:typey40:PASSIVE_SKILL_TREE_TOGGLE_NODE_SELECTIONg
oy4:dataoy6:nodeIdy9:017240-46gy4:timed1598655055.04187y4:typey40:PASSIVE_SKILL_TREE_TOGGLE_NODE_SELECTIONg
oy4:dataoy6:nodeIdy9:017240-35gy4:timed1598655056.60578y4:typey40:PASSIVE_SKILL_TREE_TOGGLE_NODE_SELECTIONg
oy4:dataoy6:nodeIdy9:017240-40gy4:timed1598655057.77654y4:typey40:PASSIVE_SKILL_TREE_TOGGLE_NODE_SELECTIONg
oy4:dataoy6:nodeIdy9:017240-92gy4:timed1598655058.74367y4:typey40:PASSIVE_SKILL_TREE_TOGGLE_NODE_SELECTIONg
oy4:dataoy6:nodeIdy9:017240-50gy4:timed1598655059.34898y4:typey40:PASSIVE_SKILL_TREE_TOGGLE_NODE_SELECTIONg
oy4:dataoy6:nodeIdy9:765521-11gy4:timed1598655060.84015y4:typey40:PASSIVE_SKILL_TREE_TOGGLE_NODE_SELECTIONg
oy4:dataoy6:nodeIdy9:017240-25gy4:timed1598655061.59224y4:typey40:PASSIVE_SKILL_TREE_TOGGLE_NODE_SELECTIONg