oy13:lastUpdatedAtd1598591945.31057y21:passiveSkillTreeStateoy22:nodeSelectionStateByIdby9:017240-27ty9:735747-27ty9:017240-92ty9:017240-18ty9:017240-46ty15:SKILL_TREE_ROOTty9:765521-11ty9:735747-36ty9:735747-25thgy16:experienceGainedi2409y14:inventoryStatey23:UNKNOWN_INVENTORY_STATEy9:sessionIdy18:session_1598591940y10:questStateby14:aggressiveBatsoy9:completedty9:numKilledi815y11:descriptionR19gy11:destroyBossoR19tR21R19ghy6:gameIdy15:game_1598487090y6:slotIdzg
oy4:datany4:timed1598591945.31057y4:typey11:GAME_LOADEDg
oy4:dataoy9:enemyTypey3:batgy4:timed1598591952.09602y4:typey12:ENEMY_KILLEDg
oy4:dataoy9:enemyTypey7:botMagegy4:timed1598591952.47854y4:typey12:ENEMY_KILLEDg
oy4:dataoy9:enemyTypey7:botMagegy4:timed1598591952.71218y4:typey12:ENEMY_KILLEDg
oy4:dataoy9:enemyTypey3:batgy4:timed1598591952.79078y4:typey12:ENEMY_KILLEDg
oy4:dataoy9:enemyTypey3:batgy4:timed1598591953.0911y4:typey12:ENEMY_KILLEDg
oy4:dataoy9:enemyTypey3:batgy4:timed1598591953.69304y4:typey12:ENEMY_KILLEDg
oy4:dataoy9:enemyTypey7:botMagegy4:timed1598591954.29156y4:typey12:ENEMY_KILLEDg
oy4:dataoy9:enemyTypey7:botMagegy4:timed1598591954.5857y4:typey12:ENEMY_KILLEDg
oy4:dataoy9:enemyTypey3:batgy4:timed1598591956.13808y4:typey12:ENEMY_KILLEDg
oy4:dataoy9:enemyTypey7:botMagegy4:timed1598591957.82646y4:typey12:ENEMY_KILLEDg
oy4:dataoy9:enemyTypey7:botMagegy4:timed1598591959.12428y4:typey12:ENEMY_KILLEDg
oy4:dataoy9:enemyTypey7:botMagegy4:timed1598591962.9642y4:typey12:ENEMY_KILLEDg
oy4:dataoy9:enemyTypey7:botMagegy4:timed1598591963.31452y4:typey12:ENEMY_KILLEDg
oy4:dataoy9:enemyTypey7:botMagegy4:timed1598591963.86216y4:typey12:ENEMY_KILLEDg
oy4:dataoy9:enemyTypey7:botMagegy4:timed1598591964.52918y4:typey12:ENEMY_KILLEDg
oy4:dataoy9:enemyTypey7:botMagegy4:timed1598591976.27833y4:typey12:ENEMY_KILLEDg
oy4:dataoy9:enemyTypey3:batgy4:timed1598591976.59977y4:typey12:ENEMY_KILLEDg
oy4:dataoy9:enemyTypey3:batgy4:timed1598591976.89959y4:typey12:ENEMY_KILLEDg
oy4:dataoy9:enemyTypey7:botMagegy4:timed1598591977.2089y4:typey12:ENEMY_KILLEDg
oy4:dataoy9:enemyTypey3:batgy4:timed1598591977.38216y4:typey12:ENEMY_KILLEDg
oy4:dataoy6:nodeIdy9:765521-11gy4:timed1598591986.39706y4:typey40:PASSIVE_SKILL_TREE_TOGGLE_NODE_SELECTIONg
oy4:dataoy6:nodeIdy9:017240-92gy4:timed1598591986.77671y4:typey40:PASSIVE_SKILL_TREE_TOGGLE_NODE_SELECTIONg
oy4:dataoy6:nodeIdy9:017240-46gy4:timed1598591987.14338y4:typey40:PASSIVE_SKILL_TREE_TOGGLE_NODE_SELECTIONg
oy4:dataoy6:nodeIdy9:017240-27gy4:timed1598591987.69726y4:typey40:PASSIVE_SKILL_TREE_TOGGLE_NODE_SELECTIONg
oy4:dataoy9:enemyTypey7:botMagegy4:timed1598591994.34532y4:typey12:ENEMY_KILLEDg
oy4:dataoy9:enemyTypey3:batgy4:timed1598591994.64939y4:typey12:ENEMY_KILLEDg
oy4:dataoy9:enemyTypey3:batgy4:timed1598591994.88672y4:typey12:ENEMY_KILLEDg
oy4:dataoy9:enemyTypey7:botMagegy4:timed1598591995.7262y4:typey12:ENEMY_KILLEDg
oy4:dataoy9:enemyTypey7:botMagegy4:timed1598591995.9662y4:typey12:ENEMY_KILLEDg
oy4:dataoy9:enemyTypey7:botMagegy4:timed1598592000.59175y4:typey12:ENEMY_KILLEDg
oy4:dataoy9:enemyTypey3:batgy4:timed1598592001.93309y4:typey12:ENEMY_KILLEDg
oy4:dataoy9:enemyTypey7:botMagegy4:timed1598592002.369y4:typey12:ENEMY_KILLEDg
oy4:dataoy9:enemyTypey7:botMagegy4:timed1598592003.16308y4:typey12:ENEMY_KILLEDg
oy4:dataoy9:enemyTypey7:botMagegy4:timed1598592003.43832y4:typey12:ENEMY_KILLEDg
oy4:dataoy9:enemyTypey7:botMagegy4:timed1598592006.94y4:typey12:ENEMY_KILLEDg
oy4:dataoy9:enemyTypey7:botMagegy4:timed1598592007.5613y4:typey12:ENEMY_KILLEDg
oy4:dataoy9:enemyTypey3:batgy4:timed1598592007.92013y4:typey12:ENEMY_KILLEDg
oy4:dataoy9:enemyTypey7:botMagegy4:timed1598592008.75497y4:typey12:ENEMY_KILLEDg
oy4:dataoy9:enemyTypey7:botMagegy4:timed1598592009.55335y4:typey12:ENEMY_KILLEDg
oy4:dataoy6:nodeIdy9:017240-27gy4:timed1598592017.31331y4:typey40:PASSIVE_SKILL_TREE_TOGGLE_NODE_SELECTIONg
oy4:dataoy6:nodeIdy9:017240-46gy4:timed1598592018.02906y4:typey40:PASSIVE_SKILL_TREE_TOGGLE_NODE_SELECTIONg
oy4:dataoy6:nodeIdy9:017240-92gy4:timed1598592019.23169y4:typey40:PASSIVE_SKILL_TREE_TOGGLE_NODE_SELECTIONg
oy4:dataoy6:nodeIdy9:765521-11gy4:timed1598592019.59959y4:typey40:PASSIVE_SKILL_TREE_TOGGLE_NODE_SELECTIONg
oy4:dataoy6:nodeIdy9:765521-11gy4:timed1598592020.55534y4:typey40:PASSIVE_SKILL_TREE_TOGGLE_NODE_SELECTIONg
oy4:dataoy6:nodeIdy9:017240-92gy4:timed1598592020.9453y4:typey40:PASSIVE_SKILL_TREE_TOGGLE_NODE_SELECTIONg
oy4:dataoy6:nodeIdy9:017240-46gy4:timed1598592021.28736y4:typey40:PASSIVE_SKILL_TREE_TOGGLE_NODE_SELECTIONg
oy4:dataoy6:nodeIdy9:017240-27gy4:timed1598592021.85257y4:typey40:PASSIVE_SKILL_TREE_TOGGLE_NODE_SELECTIONg