oy13:lastUpdatedAtd1598740123.13044y21:passiveSkillTreeStateoy22:nodeSelectionStateByIdby9:017240-27ty9:735747-27ty9:017240-92ty9:017240-18ty9:017240-50ty9:017240-35ty9:017240-46ty9:017240-25ty9:017240-40ty15:SKILL_TREE_ROOTty9:765521-11ty9:735747-36ty9:735747-25thgy16:experienceGainedi2756y14:inventoryStatey23:UNKNOWN_INVENTORY_STATEy9:sessionIdy18:session_1598740121y10:questStateby14:aggressiveBatsoy9:completedty9:numKilledi898y11:descriptionR23gy11:destroyBossoR23tR25R23ghy6:gameIdy15:game_1598487090y6:slotIdzg
oy4:datany4:timed1598740123.13044y4:typey11:GAME_LOADEDg
oy4:dataoy6:nodeIdy9:017240-25gy4:timed1598740132.9056y4:typey40:PASSIVE_SKILL_TREE_TOGGLE_NODE_SELECTIONg
oy4:dataoy6:nodeIdy9:017240-50gy4:timed1598740133.24116y4:typey40:PASSIVE_SKILL_TREE_TOGGLE_NODE_SELECTIONg
oy4:dataoy6:nodeIdy9:765521-11gy4:timed1598740133.72293y4:typey40:PASSIVE_SKILL_TREE_TOGGLE_NODE_SELECTIONg
oy4:dataoy6:nodeIdy9:017240-92gy4:timed1598740134.09207y4:typey40:PASSIVE_SKILL_TREE_TOGGLE_NODE_SELECTIONg
oy4:dataoy6:nodeIdy9:017240-46gy4:timed1598740134.44238y4:typey40:PASSIVE_SKILL_TREE_TOGGLE_NODE_SELECTIONg
oy4:dataoy6:nodeIdy9:017240-27gy4:timed1598740135.32749y4:typey40:PASSIVE_SKILL_TREE_TOGGLE_NODE_SELECTIONg
oy4:dataoy6:nodeIdy9:017240-35gy4:timed1598740135.74213y4:typey40:PASSIVE_SKILL_TREE_TOGGLE_NODE_SELECTIONg
oy4:dataoy6:nodeIdy9:017240-40gy4:timed1598740136.83005y4:typey40:PASSIVE_SKILL_TREE_TOGGLE_NODE_SELECTIONg
oy4:dataoy6:nodeIdy9:017240-18gy4:timed1598740137.14658y4:typey40:PASSIVE_SKILL_TREE_TOGGLE_NODE_SELECTIONg
oy4:dataoy6:nodeIdy9:735747-36gy4:timed1598740137.56211y4:typey40:PASSIVE_SKILL_TREE_TOGGLE_NODE_SELECTIONg
oy4:dataoy6:nodeIdy9:735747-27gy4:timed1598740138.12054y4:typey40:PASSIVE_SKILL_TREE_TOGGLE_NODE_SELECTIONg
oy4:dataoy6:nodeIdy9:735747-25gy4:timed1598740138.69062y4:typey40:PASSIVE_SKILL_TREE_TOGGLE_NODE_SELECTIONg
oy4:dataoy9:enemyTypey3:batgy4:timed1598740142.5478y4:typey12:ENEMY_KILLEDg
oy4:dataoy9:enemyTypey7:botMagegy4:timed1598740143.87791y4:typey12:ENEMY_KILLEDg
oy4:dataoy9:enemyTypey7:botMagegy4:timed1598740144.83228y4:typey12:ENEMY_KILLEDg
oy4:dataoy9:enemyTypey3:batgy4:timed1598740145.78312y4:typey12:ENEMY_KILLEDg
oy4:dataoy9:enemyTypey3:batgy4:timed1598740146.87989y4:typey12:ENEMY_KILLEDg
oy4:dataoy9:enemyTypey3:batgy4:timed1598740150.37363y4:typey12:ENEMY_KILLEDg
oy4:dataoy9:enemyTypey3:batgy4:timed1598740158.06936y4:typey12:ENEMY_KILLEDg
oy4:dataoy9:enemyTypey3:batgy4:timed1598740161.2217y4:typey12:ENEMY_KILLEDg
oy4:dataoy9:enemyTypey3:batgy4:timed1598740161.97712y4:typey12:ENEMY_KILLEDg
oy4:dataoy9:enemyTypey7:botMagegy4:timed1598740164.38731y4:typey12:ENEMY_KILLEDg
oy4:dataoy9:enemyTypey7:botMagegy4:timed1598740164.67605y4:typey12:ENEMY_KILLEDg
oy4:dataoy9:enemyTypey7:botMagegy4:timed1598740165.11968y4:typey12:ENEMY_KILLEDg
oy4:dataoy9:enemyTypey7:botMagegy4:timed1598740166.63431y4:typey12:ENEMY_KILLEDg
oy4:dataoy9:enemyTypey3:batgy4:timed1598740169.37896y4:typey12:ENEMY_KILLEDg
oy4:dataoy9:enemyTypey7:botMagegy4:timed1598740169.6347y4:typey12:ENEMY_KILLEDg
oy4:dataoy9:enemyTypey3:batgy4:timed1598740177.13685y4:typey12:ENEMY_KILLEDg
oy4:dataoy9:enemyTypey3:batgy4:timed1598740178.63757y4:typey12:ENEMY_KILLEDg
oy4:dataoy9:enemyTypey3:batgy4:timed1598740179.53892y4:typey12:ENEMY_KILLEDg
oy4:dataoy9:enemyTypey7:botMagegy4:timed1598740184.46282y4:typey12:ENEMY_KILLEDg
oy4:dataoy9:enemyTypey7:botMagegy4:timed1598740184.77053y4:typey12:ENEMY_KILLEDg
oy4:dataoy9:enemyTypey3:batgy4:timed1598740188.37019y4:typey12:ENEMY_KILLEDg
oy4:dataoy9:enemyTypey3:batgy4:timed1598740189.28939y4:typey12:ENEMY_KILLEDg
oy4:dataoy9:enemyTypey7:botMagegy4:timed1598740190.63944y4:typey12:ENEMY_KILLEDg
oy4:dataoy9:enemyTypey3:batgy4:timed1598740192.88151y4:typey12:ENEMY_KILLEDg
oy4:dataoy9:enemyTypey7:botMagegy4:timed1598740194.37181y4:typey12:ENEMY_KILLEDg
oy4:dataoy9:enemyTypey3:batgy4:timed1598740199.47153y4:typey12:ENEMY_KILLEDg
oy4:dataoy9:enemyTypey3:batgy4:timed1598740200.38792y4:typey12:ENEMY_KILLEDg
oy4:dataoy9:enemyTypey3:batgy4:timed1598740204.74271y4:typey12:ENEMY_KILLEDg
oy4:dataoy9:enemyTypey3:batgy4:timed1598740207.87235y4:typey12:ENEMY_KILLEDg
oy4:dataoy9:enemyTypey7:botMagegy4:timed1598740209.53217y4:typey12:ENEMY_KILLEDg
oy4:dataoy9:enemyTypey14:introLevelBossgy4:timed1598740233.11048y4:typey12:ENEMY_KILLEDg
oy4:dataoy9:enemyTypey3:batgy4:timed1598740241.78175y4:typey12:ENEMY_KILLEDg
oy4:dataoy9:enemyTypey3:batgy4:timed1598740242.98389y4:typey12:ENEMY_KILLEDg
oy4:dataoy9:enemyTypey3:batgy4:timed1598740243.70558y4:typey12:ENEMY_KILLEDg
oy4:dataoy9:enemyTypey7:botMagegy4:timed1598740246.10362y4:typey12:ENEMY_KILLEDg
oy4:dataoy9:enemyTypey7:botMagegy4:timed1598740248.82739y4:typey12:ENEMY_KILLEDg