oy13:lastUpdatedAtd1598657272.34394y21:passiveSkillTreeStateoy22:nodeSelectionStateByIdby9:017240-27ty9:735747-27ty9:017240-18ty9:017240-92ty9:017240-46ty9:017240-35ty9:017240-50ty15:SKILL_TREE_ROOTty9:017240-40ty9:017240-25ty9:735747-25ty9:735747-36ty9:765521-11thgy16:experienceGainedi2656y14:inventoryStatey23:UNKNOWN_INVENTORY_STATEy9:sessionIdy18:session_1598657271y10:questStateby14:aggressiveBatsoy9:completedty11:descriptionR23y9:numKilledi888gy11:destroyBossoR23tR24R23ghy6:gameIdy15:game_1598487090y6:slotIdzg
oy4:datany4:timed1598657272.34394y4:typey11:GAME_LOADEDg
oy4:dataoy9:enemyTypey3:batgy4:timed1598657276.30278y4:typey12:ENEMY_KILLEDg
oy4:dataoy9:enemyTypey3:batgy4:timed1598657276.56022y4:typey12:ENEMY_KILLEDg
oy4:dataoy9:enemyTypey3:batgy4:timed1598657276.57606y4:typey12:ENEMY_KILLEDg
oy4:dataoy9:enemyTypey7:botMagegy4:timed1598657276.81718y4:typey12:ENEMY_KILLEDg
oy4:dataoy9:enemyTypey7:botMagegy4:timed1598657277.44677y4:typey12:ENEMY_KILLEDg
oy4:dataoy9:enemyTypey7:botMagegy4:timed1598657277.50132y4:typey12:ENEMY_KILLEDg
oy4:dataoy9:enemyTypey3:batgy4:timed1598657277.74057y4:typey12:ENEMY_KILLEDg
oy4:dataoy9:enemyTypey7:botMagegy4:timed1598657278.09712y4:typey12:ENEMY_KILLEDg
oy4:dataoy9:enemyTypey7:botMagegy4:timed1598657278.53786y4:typey12:ENEMY_KILLEDg
oy4:dataoy9:enemyTypey7:botMagegy4:timed1598657279.29579y4:typey12:ENEMY_KILLEDg
oy4:dataoy9:enemyTypey3:batgy4:timed1598657281.54826y4:typey12:ENEMY_KILLEDg
oy4:dataoy9:enemyTypey7:botMagegy4:timed1598657282.01586y4:typey12:ENEMY_KILLEDg
oy4:dataoy9:enemyTypey7:botMagegy4:timed1598657282.35097y4:typey12:ENEMY_KILLEDg
oy4:dataoy9:enemyTypey7:botMagegy4:timed1598657282.47392y4:typey12:ENEMY_KILLEDg
oy4:dataoy9:enemyTypey7:botMagegy4:timed1598657282.75644y4:typey12:ENEMY_KILLEDg
oy4:dataoy9:enemyTypey3:batgy4:timed1598657286.08715y4:typey12:ENEMY_KILLEDg
oy4:dataoy9:enemyTypey7:botMagegy4:timed1598657286.33755y4:typey12:ENEMY_KILLEDg
oy4:dataoy9:enemyTypey3:batgy4:timed1598657286.69563y4:typey12:ENEMY_KILLEDg
oy4:dataoy9:enemyTypey7:botMagegy4:timed1598657287.23535y4:typey12:ENEMY_KILLEDg
oy4:dataoy9:enemyTypey7:botMagegy4:timed1598657287.44074y4:typey12:ENEMY_KILLEDg
oy4:dataoy9:enemyTypey3:batgy4:timed1598657291.57047y4:typey12:ENEMY_KILLEDg
oy4:dataoy9:enemyTypey7:botMagegy4:timed1598657292.13326y4:typey12:ENEMY_KILLEDg
oy4:dataoy9:enemyTypey7:botMagegy4:timed1598657292.48117y4:typey12:ENEMY_KILLEDg
oy4:dataoy9:enemyTypey7:botMagegy4:timed1598657292.75545y4:typey12:ENEMY_KILLEDg
oy4:dataoy9:enemyTypey3:batgy4:timed1598657293.20246y4:typey12:ENEMY_KILLEDg
oy4:dataoy9:enemyTypey7:botMagegy4:timed1598657296.27842y4:typey12:ENEMY_KILLEDg
oy4:dataoy9:enemyTypey7:botMagegy4:timed1598657296.37912y4:typey12:ENEMY_KILLEDg
oy4:dataoy9:enemyTypey7:botMagegy4:timed1598657296.65041y4:typey12:ENEMY_KILLEDg
oy4:dataoy9:enemyTypey7:botMagegy4:timed1598657296.71929y4:typey12:ENEMY_KILLEDg
oy4:dataoy9:enemyTypey7:botMagegy4:timed1598657296.92923y4:typey12:ENEMY_KILLEDg
oy4:dataoy9:enemyTypey3:batgy4:timed1598657302.98312y4:typey12:ENEMY_KILLEDg
oy4:dataoy9:enemyTypey7:botMagegy4:timed1598657303.39181y4:typey12:ENEMY_KILLEDg
oy4:dataoy9:enemyTypey7:botMagegy4:timed1598657303.94515y4:typey12:ENEMY_KILLEDg
oy4:dataoy9:enemyTypey7:botMagegy4:timed1598657304.32274y4:typey12:ENEMY_KILLEDg
oy4:dataoy9:enemyTypey7:botMagegy4:timed1598657304.45116y4:typey12:ENEMY_KILLEDg
oy4:dataoy9:enemyTypey14:introLevelBossgy4:timed1598657318.04056y4:typey12:ENEMY_KILLEDg