oy13:lastUpdatedAtd1598588420.54695y21:passiveSkillTreeStateoy22:nodeSelectionStateByIdby15:SKILL_TREE_ROOTthgy16:experienceGainedi2291y14:inventoryStatey23:UNKNOWN_INVENTORY_STATEy9:sessionIdy18:session_1598588419y10:questStateby14:aggressiveBatsoy9:completedty11:descriptionR11y9:numKilledi775gy11:destroyBossoR11tR12R11ghy6:gameIdy15:game_1598487090y6:slotIdzg
oy4:datany4:timed1598588420.54695y4:typey11:GAME_LOADEDg
oy4:dataoy9:enemyTypey3:batgy4:timed1598588423.95y4:typey12:ENEMY_KILLEDg
oy4:dataoy9:enemyTypey3:batgy4:timed1598588424.12138y4:typey12:ENEMY_KILLEDg
oy4:dataoy9:enemyTypey3:batgy4:timed1598588424.79779y4:typey12:ENEMY_KILLEDg
oy4:dataoy9:enemyTypey7:botMagegy4:timed1598588424.90729y4:typey12:ENEMY_KILLEDg
oy4:dataoy9:enemyTypey7:botMagegy4:timed1598588424.91153y4:typey12:ENEMY_KILLEDg
oy4:dataoy9:enemyTypey3:batgy4:timed1598588425.18565y4:typey12:ENEMY_KILLEDg
oy4:dataoy9:enemyTypey7:botMagegy4:timed1598588425.94804y4:typey12:ENEMY_KILLEDg
oy4:dataoy9:enemyTypey3:batgy4:timed1598588426.67405y4:typey12:ENEMY_KILLEDg
oy4:dataoy9:enemyTypey3:batgy4:timed1598588427.09589y4:typey12:ENEMY_KILLEDg
oy4:dataoy9:enemyTypey3:batgy4:timed1598588427.19547y4:typey12:ENEMY_KILLEDg
oy4:dataoy9:enemyTypey7:botMagegy4:timed1598588428.25767y4:typey12:ENEMY_KILLEDg
oy4:dataoy9:enemyTypey3:batgy4:timed1598588431.80307y4:typey12:ENEMY_KILLEDg
oy4:dataoy9:enemyTypey7:botMagegy4:timed1598588432.88093y4:typey12:ENEMY_KILLEDg
oy4:dataoy9:enemyTypey3:batgy4:timed1598588433.68412y4:typey12:ENEMY_KILLEDg
oy4:dataoy9:enemyTypey7:botMagegy4:timed1598588434.42359y4:typey12:ENEMY_KILLEDg
oy4:dataoy9:enemyTypey3:batgy4:timed1598588438.11397y4:typey12:ENEMY_KILLEDg
oy4:dataoy9:enemyTypey3:batgy4:timed1598588438.88133y4:typey12:ENEMY_KILLEDg
oy4:dataoy9:enemyTypey7:botMagegy4:timed1598588438.94647y4:typey12:ENEMY_KILLEDg
oy4:dataoy9:enemyTypey7:botMagegy4:timed1598588440.55826y4:typey12:ENEMY_KILLEDg
oy4:dataoy9:enemyTypey7:botMagegy4:timed1598588442.06081y4:typey12:ENEMY_KILLEDg
oy4:dataoy9:enemyTypey3:batgy4:timed1598588464.97974y4:typey12:ENEMY_KILLEDg
oy4:dataoy9:enemyTypey7:botMagegy4:timed1598588465.02947y4:typey12:ENEMY_KILLEDg
oy4:dataoy9:enemyTypey3:batgy4:timed1598588465.02979y4:typey12:ENEMY_KILLEDg
oy4:dataoy9:enemyTypey3:batgy4:timed1598588465.5661y4:typey12:ENEMY_KILLEDg
oy4:dataoy9:enemyTypey7:botMagegy4:timed1598588466.21069y4:typey12:ENEMY_KILLEDg
oy4:dataoy9:enemyTypey3:batgy4:timed1598588468.50121y4:typey12:ENEMY_KILLEDg
oy4:dataoy9:enemyTypey7:botMagegy4:timed1598588469.11696y4:typey12:ENEMY_KILLEDg
oy4:dataoy9:enemyTypey7:botMagegy4:timed1598588469.11728y4:typey12:ENEMY_KILLEDg
oy4:dataoy9:enemyTypey7:botMagegy4:timed1598588469.57492y4:typey12:ENEMY_KILLEDg
oy4:dataoy9:enemyTypey7:botMagegy4:timed1598588469.62218y4:typey12:ENEMY_KILLEDg
oy4:dataoy6:nodeIdy9:735747-25gy4:timed1598588484.44782y4:typey40:PASSIVE_SKILL_TREE_TOGGLE_NODE_SELECTIONg
oy4:dataoy6:nodeIdy9:735747-27gy4:timed1598588484.94678y4:typey40:PASSIVE_SKILL_TREE_TOGGLE_NODE_SELECTIONg
oy4:dataoy6:nodeIdy9:735747-36gy4:timed1598588485.38625y4:typey40:PASSIVE_SKILL_TREE_TOGGLE_NODE_SELECTIONg
oy4:dataoy6:nodeIdy9:017240-18gy4:timed1598588485.78248y4:typey40:PASSIVE_SKILL_TREE_TOGGLE_NODE_SELECTIONg
oy4:dataoy6:nodeIdy9:017240-27gy4:timed1598588486.21202y4:typey40:PASSIVE_SKILL_TREE_TOGGLE_NODE_SELECTIONg
oy4:dataoy6:nodeIdy9:017240-46gy4:timed1598588486.65261y4:typey40:PASSIVE_SKILL_TREE_TOGGLE_NODE_SELECTIONg
oy4:dataoy6:nodeIdy9:017240-92gy4:timed1598588486.95724y4:typey40:PASSIVE_SKILL_TREE_TOGGLE_NODE_SELECTIONg
oy4:dataoy6:nodeIdy9:765521-11gy4:timed1598588487.24459y4:typey40:PASSIVE_SKILL_TREE_TOGGLE_NODE_SELECTIONg